<?xml version="1.0" encoding="UTF-8"?>
<!-- Generated by org.testng.reporters.JUnitReportReporter -->
<testsuite hostname="MSI" failures="0" tests="1" name="org.navadiya.tests.SampleTest" time="12.349" errors="0" timestamp="2025-10-29T17:10:59 GMT-04:00" skipped="0">
  <testcase classname="org.navadiya.tests.SampleTest" name="openExampleAndAssertTitle" time="12.349"/>
</testsuite> <!-- org.navadiya.tests.SampleTest -->
