<?xml version="1.0" encoding="UTF-8"?>
<!-- Generated by org.testng.reporters.JUnitReportReporter -->
<testsuite hostname="MSI" failures="0" tests="1" name="org.navadiya.tests.FooterTest" time="10.699" errors="0" timestamp="2025-10-27T19:19:22 GMT-04:00" skipped="0">
  <testcase classname="org.navadiya.tests.FooterTest" name="footerPresent" time="10.699"/>
</testsuite> <!-- org.navadiya.tests.FooterTest -->
