<?xml version="1.0" encoding="UTF-8"?>
<!-- Generated by org.testng.reporters.JUnitReportReporter -->
<testsuite hostname="MSI" failures="0" tests="1" name="org.navadiya.tests.HeaderElementTest" time="7.928" errors="0" timestamp="2025-10-27T19:04:34 GMT-04:00" skipped="0">
  <testcase classname="org.navadiya.tests.HeaderElementTest" name="h1ElementPresent" time="7.928"/>
</testsuite> <!-- org.navadiya.tests.HeaderElementTest -->
