<?xml version="1.0" encoding="UTF-8"?>
<!-- Generated by org.testng.reporters.JUnitReportReporter -->
<testsuite hostname="MSI" failures="0" tests="1" name="org.navadiya.tests.LinkPresenceTest" time="12.247" errors="0" timestamp="2025-10-27T19:13:49 GMT-04:00" skipped="0">
  <testcase classname="org.navadiya.tests.LinkPresenceTest" name="hasAtLeastOneLink" time="12.247"/>
</testsuite> <!-- org.navadiya.tests.LinkPresenceTest -->
