<?xml version="1.0" encoding="UTF-8"?>
<!-- Generated by org.testng.reporters.JUnitReportReporter -->
<testsuite hostname="MSI" failures="0" tests="1" name="org.navadiya.tests.SampleTest" time="11.229" errors="0" timestamp="2025-10-29T16:45:50 GMT-04:00" skipped="0">
  <testcase classname="org.navadiya.tests.SampleTest" name="openExampleAndAssertTitle" time="11.229"/>
</testsuite> <!-- org.navadiya.tests.SampleTest -->
