<?xml version="1.0" encoding="UTF-8"?>
<!-- Generated by org.testng.reporters.JUnitReportReporter -->
<testsuite hostname="MSI" failures="0" tests="1" name="org.navadiya.tests.TitleTest" time="10.392" errors="0" timestamp="2025-10-27T19:13:49 GMT-04:00" skipped="0">
  <testcase classname="org.navadiya.tests.TitleTest" name="titleIsPresent" time="10.392"/>
</testsuite> <!-- org.navadiya.tests.TitleTest -->
