<?xml version="1.0" encoding="UTF-8"?>
<!-- Generated by org.testng.reporters.JUnitReportReporter -->
<testsuite hostname="MSI" failures="0" tests="1" name="org.navadiya.tests.HeaderElementTest" time="17.657" errors="0" timestamp="2025-10-25T13:41:49 GMT-04:00" skipped="0">
  <testcase classname="org.navadiya.tests.HeaderElementTest" name="h1ElementPresent" time="17.657"/>
</testsuite> <!-- org.navadiya.tests.HeaderElementTest -->
